<?xml version="1.0" encoding="UTF-8"?>
<!-- Generated by org.testng.reporters.JUnitXMLReporter -->
<testsuite ignored="0" hostname="ip-172-31-27-93" failures="1" tests="2" name="Test" time="3.664" errors="0" timestamp="2026-01-16T10:10:56 UTC">
  <testcase classname="Project.Datap" name="smaple" time="0.0">
    <failure type="org.testng.TestNGException" message="
Method public static void Project.Datap.smaple(java.lang.String,java.lang.String) throws java.lang.Exception requires a @DataProvider named : browser">
      <![CDATA[org.testng.TestNGException: 
Method public static void Project.Datap.smaple(java.lang.String,java.lang.String) throws java.lang.Exception requires a @DataProvider named : browser
at java.base/java.util.concurrent.Executors$RunnableAdapter.call(Executors.java:515)
at java.base/java.util.concurrent.FutureTask.run(FutureTask.java:264)
at java.base/java.util.concurrent.ThreadPoolExecutor.runWorker(ThreadPoolExecutor.java:1128)
at java.base/java.util.concurrent.ThreadPoolExecutor$Worker.run(ThreadPoolExecutor.java:628)
at java.base/java.lang.Thread.run(Thread.java:829)
... Removed 10 stack frames]]>
    </failure>
  </testcase> <!-- smaple -->
  <testcase classname="Project.Testen" name="first" time="3.54"/>
</testsuite> <!-- Test -->
