<?xml version="1.0" encoding="UTF-8"?>
<testsuite xmlns:xsi="http://www.w3.org/2001/XMLSchema-instance" xsi:noNamespaceSchemaLocation="https://maven.apache.org/surefire/maven-surefire-plugin/xsd/surefire-test-report.xsd" version="3.0.2" name="TestSuite" time="5.523" tests="2" errors="0" skipped="0" failures="1">
  <properties>
    <property name="awt.toolkit" value="sun.awt.X11.XToolkit"/>
    <property name="java.specification.version" value="11"/>
    <property name="sun.cpu.isalist" value=""/>
    <property name="sun.jnu.encoding" value="UTF-8"/>
    <property name="testng.Skipped" value="0"/>
    <property name="java.class.path" value="/home/labuser/eclipse-workspace/SeleniumProject/target/test-classes:/home/labuser/eclipse-workspace/SeleniumProject/target/classes:/home/labuser/.m2/repository/org/seleniumhq/selenium/selenium-java/4.39.0/selenium-java-4.39.0.jar:/home/labuser/.m2/repository/org/seleniumhq/selenium/selenium-api/4.39.0/selenium-api-4.39.0.jar:/home/labuser/.m2/repository/org/jspecify/jspecify/1.0.0/jspecify-1.0.0.jar:/home/labuser/.m2/repository/org/seleniumhq/selenium/selenium-chrome-driver/4.39.0/selenium-chrome-driver-4.39.0.jar:/home/labuser/.m2/repository/com/google/auto/service/auto-service-annotations/1.1.1/auto-service-annotations-1.1.1.jar:/home/labuser/.m2/repository/org/seleniumhq/selenium/selenium-chromium-driver/4.39.0/selenium-chromium-driver-4.39.0.jar:/home/labuser/.m2/repository/org/seleniumhq/selenium/selenium-json/4.39.0/selenium-json-4.39.0.jar:/home/labuser/.m2/repository/org/seleniumhq/selenium/selenium-manager/4.39.0/selenium-manager-4.39.0.jar:/home/labuser/.m2/repository/org/seleniumhq/selenium/selenium-devtools-v141/4.39.0/selenium-devtools-v141-4.39.0.jar:/home/labuser/.m2/repository/org/seleniumhq/selenium/selenium-devtools-v142/4.39.0/selenium-devtools-v142-4.39.0.jar:/home/labuser/.m2/repository/org/seleniumhq/selenium/selenium-devtools-v143/4.39.0/selenium-devtools-v143-4.39.0.jar:/home/labuser/.m2/repository/org/seleniumhq/selenium/selenium-edge-driver/4.39.0/selenium-edge-driver-4.39.0.jar:/home/labuser/.m2/repository/org/seleniumhq/selenium/selenium-firefox-driver/4.39.0/selenium-firefox-driver-4.39.0.jar:/home/labuser/.m2/repository/org/seleniumhq/selenium/selenium-http/4.39.0/selenium-http-4.39.0.jar:/home/labuser/.m2/repository/org/seleniumhq/selenium/selenium-ie-driver/4.39.0/selenium-ie-driver-4.39.0.jar:/home/labuser/.m2/repository/org/seleniumhq/selenium/selenium-remote-driver/4.39.0/selenium-remote-driver-4.39.0.jar:/home/labuser/.m2/repository/com/google/guava/guava/33.5.0-jre/guava-33.5.0-jre.jar:/home/labuser/.m2/repository/com/google/guava/failureaccess/1.0.3/failureaccess-1.0.3.jar:/home/labuser/.m2/repository/com/google/guava/listenablefuture/9999.0-empty-to-avoid-conflict-with-guava/listenablefuture-9999.0-empty-to-avoid-conflict-with-guava.jar:/home/labuser/.m2/repository/com/google/errorprone/error_prone_annotations/2.41.0/error_prone_annotations-2.41.0.jar:/home/labuser/.m2/repository/com/google/j2objc/j2objc-annotations/3.1/j2objc-annotations-3.1.jar:/home/labuser/.m2/repository/io/opentelemetry/opentelemetry-api/1.56.0/opentelemetry-api-1.56.0.jar:/home/labuser/.m2/repository/io/opentelemetry/opentelemetry-context/1.56.0/opentelemetry-context-1.56.0.jar:/home/labuser/.m2/repository/io/opentelemetry/opentelemetry-common/1.56.0/opentelemetry-common-1.56.0.jar:/home/labuser/.m2/repository/io/opentelemetry/opentelemetry-exporter-logging/1.56.0/opentelemetry-exporter-logging-1.56.0.jar:/home/labuser/.m2/repository/io/opentelemetry/opentelemetry-sdk-common/1.56.0/opentelemetry-sdk-common-1.56.0.jar:/home/labuser/.m2/repository/io/opentelemetry/opentelemetry-sdk-extension-autoconfigure-spi/1.56.0/opentelemetry-sdk-extension-autoconfigure-spi-1.56.0.jar:/home/labuser/.m2/repository/io/opentelemetry/opentelemetry-sdk-extension-autoconfigure/1.56.0/opentelemetry-sdk-extension-autoconfigure-1.56.0.jar:/home/labuser/.m2/repository/io/opentelemetry/opentelemetry-sdk-trace/1.56.0/opentelemetry-sdk-trace-1.56.0.jar:/home/labuser/.m2/repository/io/opentelemetry/opentelemetry-sdk/1.56.0/opentelemetry-sdk-1.56.0.jar:/home/labuser/.m2/repository/io/opentelemetry/opentelemetry-sdk-metrics/1.56.0/opentelemetry-sdk-metrics-1.56.0.jar:/home/labuser/.m2/repository/io/opentelemetry/opentelemetry-sdk-logs/1.56.0/opentelemetry-sdk-logs-1.56.0.jar:/home/labuser/.m2/repository/net/bytebuddy/byte-buddy/1.18.2/byte-buddy-1.18.2.jar:/home/labuser/.m2/repository/org/seleniumhq/selenium/selenium-os/4.39.0/selenium-os-4.39.0.jar:/home/labuser/.m2/repository/org/apache/commons/commons-exec/1.6.0/commons-exec-1.6.0.jar:/home/labuser/.m2/repository/org/seleniumhq/selenium/selenium-safari-driver/4.39.0/selenium-safari-driver-4.39.0.jar:/home/labuser/.m2/repository/org/seleniumhq/selenium/selenium-support/4.39.0/selenium-support-4.39.0.jar:/home/labuser/.m2/repository/org/testng/testng/7.11.0/testng-7.11.0.jar:/home/labuser/.m2/repository/org/slf4j/slf4j-api/2.0.16/slf4j-api-2.0.16.jar:/home/labuser/.m2/repository/org/jcommander/jcommander/1.83/jcommander-1.83.jar:/home/labuser/.m2/repository/org/webjars/jquery/3.7.1/jquery-3.7.1.jar:/home/labuser/.m2/repository/com/github/sdrss/reportng/2.7.0/reportng-2.7.0.jar:/home/labuser/.m2/repository/velocity/velocity/1.5/velocity-1.5.jar:/home/labuser/.m2/repository/commons-collections/commons-collections/3.1/commons-collections-3.1.jar:/home/labuser/.m2/repository/commons-lang/commons-lang/2.1/commons-lang-2.1.jar:/home/labuser/.m2/repository/oro/oro/2.0.8/oro-2.0.8.jar:/home/labuser/.m2/repository/commons-io/commons-io/2.7/commons-io-2.7.jar:/home/labuser/.m2/repository/com/fasterxml/jackson/core/jackson-core/2.10.1/jackson-core-2.10.1.jar:/home/labuser/.m2/repository/com/fasterxml/jackson/core/jackson-databind/2.12.7.1/jackson-databind-2.12.7.1.jar:/home/labuser/.m2/repository/com/fasterxml/jackson/core/jackson-annotations/2.10.1/jackson-annotations-2.10.1.jar:/home/labuser/.m2/repository/com/google/inject/guice/4.2.2/guice-4.2.2.jar:/home/labuser/.m2/repository/javax/inject/javax.inject/1/javax.inject-1.jar:/home/labuser/.m2/repository/aopalliance/aopalliance/1.0/aopalliance-1.0.jar:"/>
    <property name="java.vm.vendor" value="Ubuntu"/>
    <property name="sun.arch.data.model" value="64"/>
    <property name="java.vendor.url" value="https://ubuntu.com/"/>
    <property name="user.timezone" value="Etc/UTC"/>
    <property name="java.vm.specification.version" value="11"/>
    <property name="os.name" value="Linux"/>
    <property name="sun.java.launcher" value="SUN_STANDARD"/>
    <property name="sun.boot.library.path" value="/usr/lib/jvm/java-11-openjdk-amd64/lib"/>
    <property name="sun.java.command" value="/home/labuser/eclipse-workspace/SeleniumProject/target/surefire/surefirebooter-20260116101659987_3.jar /home/labuser/eclipse-workspace/SeleniumProject/target/surefire 2026-01-16T10-16-59_834-jvmRun1 surefire-20260116101659987_1tmp surefire_0-20260116101659987_2tmp"/>
    <property name="jdk.debug" value="release"/>
    <property name="surefire.test.class.path" value="/home/labuser/eclipse-workspace/SeleniumProject/target/test-classes:/home/labuser/eclipse-workspace/SeleniumProject/target/classes:/home/labuser/.m2/repository/org/seleniumhq/selenium/selenium-java/4.39.0/selenium-java-4.39.0.jar:/home/labuser/.m2/repository/org/seleniumhq/selenium/selenium-api/4.39.0/selenium-api-4.39.0.jar:/home/labuser/.m2/repository/org/jspecify/jspecify/1.0.0/jspecify-1.0.0.jar:/home/labuser/.m2/repository/org/seleniumhq/selenium/selenium-chrome-driver/4.39.0/selenium-chrome-driver-4.39.0.jar:/home/labuser/.m2/repository/com/google/auto/service/auto-service-annotations/1.1.1/auto-service-annotations-1.1.1.jar:/home/labuser/.m2/repository/org/seleniumhq/selenium/selenium-chromium-driver/4.39.0/selenium-chromium-driver-4.39.0.jar:/home/labuser/.m2/repository/org/seleniumhq/selenium/selenium-json/4.39.0/selenium-json-4.39.0.jar:/home/labuser/.m2/repository/org/seleniumhq/selenium/selenium-manager/4.39.0/selenium-manager-4.39.0.jar:/home/labuser/.m2/repository/org/seleniumhq/selenium/selenium-devtools-v141/4.39.0/selenium-devtools-v141-4.39.0.jar:/home/labuser/.m2/repository/org/seleniumhq/selenium/selenium-devtools-v142/4.39.0/selenium-devtools-v142-4.39.0.jar:/home/labuser/.m2/repository/org/seleniumhq/selenium/selenium-devtools-v143/4.39.0/selenium-devtools-v143-4.39.0.jar:/home/labuser/.m2/repository/org/seleniumhq/selenium/selenium-edge-driver/4.39.0/selenium-edge-driver-4.39.0.jar:/home/labuser/.m2/repository/org/seleniumhq/selenium/selenium-firefox-driver/4.39.0/selenium-firefox-driver-4.39.0.jar:/home/labuser/.m2/repository/org/seleniumhq/selenium/selenium-http/4.39.0/selenium-http-4.39.0.jar:/home/labuser/.m2/repository/org/seleniumhq/selenium/selenium-ie-driver/4.39.0/selenium-ie-driver-4.39.0.jar:/home/labuser/.m2/repository/org/seleniumhq/selenium/selenium-remote-driver/4.39.0/selenium-remote-driver-4.39.0.jar:/home/labuser/.m2/repository/com/google/guava/guava/33.5.0-jre/guava-33.5.0-jre.jar:/home/labuser/.m2/repository/com/google/guava/failureaccess/1.0.3/failureaccess-1.0.3.jar:/home/labuser/.m2/repository/com/google/guava/listenablefuture/9999.0-empty-to-avoid-conflict-with-guava/listenablefuture-9999.0-empty-to-avoid-conflict-with-guava.jar:/home/labuser/.m2/repository/com/google/errorprone/error_prone_annotations/2.41.0/error_prone_annotations-2.41.0.jar:/home/labuser/.m2/repository/com/google/j2objc/j2objc-annotations/3.1/j2objc-annotations-3.1.jar:/home/labuser/.m2/repository/io/opentelemetry/opentelemetry-api/1.56.0/opentelemetry-api-1.56.0.jar:/home/labuser/.m2/repository/io/opentelemetry/opentelemetry-context/1.56.0/opentelemetry-context-1.56.0.jar:/home/labuser/.m2/repository/io/opentelemetry/opentelemetry-common/1.56.0/opentelemetry-common-1.56.0.jar:/home/labuser/.m2/repository/io/opentelemetry/opentelemetry-exporter-logging/1.56.0/opentelemetry-exporter-logging-1.56.0.jar:/home/labuser/.m2/repository/io/opentelemetry/opentelemetry-sdk-common/1.56.0/opentelemetry-sdk-common-1.56.0.jar:/home/labuser/.m2/repository/io/opentelemetry/opentelemetry-sdk-extension-autoconfigure-spi/1.56.0/opentelemetry-sdk-extension-autoconfigure-spi-1.56.0.jar:/home/labuser/.m2/repository/io/opentelemetry/opentelemetry-sdk-extension-autoconfigure/1.56.0/opentelemetry-sdk-extension-autoconfigure-1.56.0.jar:/home/labuser/.m2/repository/io/opentelemetry/opentelemetry-sdk-trace/1.56.0/opentelemetry-sdk-trace-1.56.0.jar:/home/labuser/.m2/repository/io/opentelemetry/opentelemetry-sdk/1.56.0/opentelemetry-sdk-1.56.0.jar:/home/labuser/.m2/repository/io/opentelemetry/opentelemetry-sdk-metrics/1.56.0/opentelemetry-sdk-metrics-1.56.0.jar:/home/labuser/.m2/repository/io/opentelemetry/opentelemetry-sdk-logs/1.56.0/opentelemetry-sdk-logs-1.56.0.jar:/home/labuser/.m2/repository/net/bytebuddy/byte-buddy/1.18.2/byte-buddy-1.18.2.jar:/home/labuser/.m2/repository/org/seleniumhq/selenium/selenium-os/4.39.0/selenium-os-4.39.0.jar:/home/labuser/.m2/repository/org/apache/commons/commons-exec/1.6.0/commons-exec-1.6.0.jar:/home/labuser/.m2/repository/org/seleniumhq/selenium/selenium-safari-driver/4.39.0/selenium-safari-driver-4.39.0.jar:/home/labuser/.m2/repository/org/seleniumhq/selenium/selenium-support/4.39.0/selenium-support-4.39.0.jar:/home/labuser/.m2/repository/org/testng/testng/7.11.0/testng-7.11.0.jar:/home/labuser/.m2/repository/org/slf4j/slf4j-api/2.0.16/slf4j-api-2.0.16.jar:/home/labuser/.m2/repository/org/jcommander/jcommander/1.83/jcommander-1.83.jar:/home/labuser/.m2/repository/org/webjars/jquery/3.7.1/jquery-3.7.1.jar:/home/labuser/.m2/repository/com/github/sdrss/reportng/2.7.0/reportng-2.7.0.jar:/home/labuser/.m2/repository/velocity/velocity/1.5/velocity-1.5.jar:/home/labuser/.m2/repository/commons-collections/commons-collections/3.1/commons-collections-3.1.jar:/home/labuser/.m2/repository/commons-lang/commons-lang/2.1/commons-lang-2.1.jar:/home/labuser/.m2/repository/oro/oro/2.0.8/oro-2.0.8.jar:/home/labuser/.m2/repository/commons-io/commons-io/2.7/commons-io-2.7.jar:/home/labuser/.m2/repository/com/fasterxml/jackson/core/jackson-core/2.10.1/jackson-core-2.10.1.jar:/home/labuser/.m2/repository/com/fasterxml/jackson/core/jackson-databind/2.12.7.1/jackson-databind-2.12.7.1.jar:/home/labuser/.m2/repository/com/fasterxml/jackson/core/jackson-annotations/2.10.1/jackson-annotations-2.10.1.jar:/home/labuser/.m2/repository/com/google/inject/guice/4.2.2/guice-4.2.2.jar:/home/labuser/.m2/repository/javax/inject/javax.inject/1/javax.inject-1.jar:/home/labuser/.m2/repository/aopalliance/aopalliance/1.0/aopalliance-1.0.jar:"/>
    <property name="sun.cpu.endian" value="little"/>
    <property name="user.home" value="/home/labuser"/>
    <property name="user.language" value="en"/>
    <property name="java.specification.vendor" value="Oracle Corporation"/>
    <property name="java.version.date" value="2025-10-21"/>
    <property name="java.home" value="/usr/lib/jvm/java-11-openjdk-amd64"/>
    <property name="file.separator" value="/"/>
    <property name="style.color" value="always"/>
    <property name="basedir" value="/home/labuser/eclipse-workspace/SeleniumProject"/>
    <property name="java.vm.compressedOopsMode" value="Zero based"/>
    <property name="line.separator" value="&#10;"/>
    <property name="testng.Failed" value="1"/>
    <property name="java.specification.name" value="Java Platform API Specification"/>
    <property name="java.vm.specification.vendor" value="Oracle Corporation"/>
    <property name="java.awt.graphicsenv" value="sun.awt.X11GraphicsEnvironment"/>
    <property name="surefire.real.class.path" value="/home/labuser/eclipse-workspace/SeleniumProject/target/surefire/surefirebooter-20260116101659987_3.jar"/>
    <property name="sun.management.compiler" value="HotSpot 64-Bit Tiered Compilers"/>
    <property name="java.runtime.version" value="11.0.29+7-post-Ubuntu-1ubuntu122.04"/>
    <property name="user.name" value="labuser"/>
    <property name="path.separator" value=":"/>
    <property name="os.version" value="6.8.0-1044-aws"/>
    <property name="testng.KnownDefect" value="0"/>
    <property name="java.runtime.name" value="OpenJDK Runtime Environment"/>
    <property name="file.encoding" value="UTF-8"/>
    <property name="testng.Fixed" value="0"/>
    <property name="java.vm.name" value="OpenJDK 64-Bit Server VM"/>
    <property name="localRepository" value="/home/labuser/.m2/repository"/>
    <property name="java.vendor.url.bug" value="https://bugs.launchpad.net/ubuntu/+source/openjdk-lts"/>
    <property name="java.io.tmpdir" value="/tmp"/>
    <property name="java.version" value="11.0.29"/>
    <property name="user.dir" value="/home/labuser/eclipse-workspace/SeleniumProject"/>
    <property name="os.arch" value="amd64"/>
    <property name="java.vm.specification.name" value="Java Virtual Machine Specification"/>
    <property name="java.awt.printerjob" value="sun.print.PSPrinterJob"/>
    <property name="sun.os.patch.level" value="unknown"/>
    <property name="java.library.path" value="/usr/java/packages/lib:/usr/lib/x86_64-linux-gnu/jni:/lib/x86_64-linux-gnu:/usr/lib/x86_64-linux-gnu:/usr/lib/jni:/lib:/usr/lib"/>
    <property name="java.vm.info" value="mixed mode, sharing"/>
    <property name="java.vendor" value="Ubuntu"/>
    <property name="java.vm.version" value="11.0.29+7-post-Ubuntu-1ubuntu122.04"/>
    <property name="java.specification.maintenance.version" value="3"/>
    <property name="sun.io.unicode.encoding" value="UnicodeLittle"/>
    <property name="testng.Passed" value="1"/>
    <property name="java.class.version" value="55.0"/>
  </properties>
  <testcase name="smaple" classname="Project.Datap" time="0.013">
    <failure message="&#10;Method public static void Project.Datap.smaple(java.lang.String,java.lang.String) throws java.lang.Exception requires a @DataProvider named : browser" type="org.testng.TestNGException"><![CDATA[org.testng.TestNGException: 

Method public static void Project.Datap.smaple(java.lang.String,java.lang.String) throws java.lang.Exception requires a @DataProvider named : browser
	at org.testng.internal.Parameters.findDataProvider(Parameters.java:532)
	at org.testng.internal.Parameters.handleParameters(Parameters.java:769)
	at org.testng.internal.Parameters.handleParameters(Parameters.java:734)
	at org.testng.internal.invokers.ParameterHandler.handleParameters(ParameterHandler.java:72)
	at org.testng.internal.invokers.ParameterHandler.createParameters(ParameterHandler.java:51)
	at org.testng.internal.invokers.TestInvoker$MethodInvocationAgent.invoke(TestInvoker.java:949)
	at org.testng.internal.invokers.TestInvoker.invokeTestMethods(TestInvoker.java:203)
	at org.testng.internal.invokers.TestMethodWorker.invokeTestMethods(TestMethodWorker.java:154)
	at org.testng.internal.invokers.TestMethodWorker.run(TestMethodWorker.java:134)
	at java.base/java.util.concurrent.Executors$RunnableAdapter.call(Executors.java:515)
	at java.base/java.util.concurrent.FutureTask.run(FutureTask.java:264)
	at org.testng.internal.thread.graph.TestNGFutureTask.run(TestNGFutureTask.java:22)
	at java.base/java.util.concurrent.ThreadPoolExecutor.runWorker(ThreadPoolExecutor.java:1128)
	at java.base/java.util.concurrent.ThreadPoolExecutor$Worker.run(ThreadPoolExecutor.java:628)
	at java.base/java.lang.Thread.run(Thread.java:829)
]]></failure>
    <system-err><![CDATA[SLF4J(W): No SLF4J providers were found.
SLF4J(W): Defaulting to no-operation (NOP) logger implementation
SLF4J(W): See https://www.slf4j.org/codes.html#noProviders for further details.
]]></system-err>
  </testcase>
  <testcase name="first" classname="Project.Testen" time="4.017"/>
</testsuite>