<?xml version="1.0" encoding="UTF-8"?>
<testng-results ignored="0" total="1" passed="1" failed="0" skipped="0">
  <reporter-output>
  </reporter-output>
  <suite started-at="2026-01-16T10:49:21 UTC" name="Default suite" finished-at="2026-01-16T10:49:25 UTC" duration-ms="3685">
    <groups>
    </groups>
    <test started-at="2026-01-16T10:49:21 UTC" name="Default test" finished-at="2026-01-16T10:49:25 UTC" duration-ms="3685">
      <class name="Project.Testen">
        <test-method signature="first()[pri:0, instance:Project.Testen@689604d9]" started-at="2026-01-16T10:49:21 UTC" name="first" finished-at="2026-01-16T10:49:25 UTC" duration-ms="3606" status="PASS">
          <reporter-output>
          </reporter-output>
        </test-method> <!-- first -->
      </class> <!-- Project.Testen -->
    </test> <!-- Default test -->
  </suite> <!-- Default suite -->
</testng-results>
